Rufus x64 v4.14.2377 (Portable)
Windows version: Windows 10 Pro x64 (Build 19045.3693)
Syslinux versions: 4.07/2013-07-25, 6.04/pre1
Grub versions: 0.4.6a, 2.14
System locale ID: 0x0804 (zh-CN)
Will use default UI locale 0x0804
SetLGP: Successfully set NoDriveTypeAutorun policy to 0x0000009E
Localization set to 'zh-CN'
Found USB 3.0 device 'Kingston DataTraveler 3.0 USB Device' (0951:1666)
1 device found
Disk type: Removable, Disk size: 28.8 GB, Sector size: 512 bytes
Cylinders: 3762, Tracks per cylinder: 255, Sectors per track: 63
Partition type: MBR, NB Partitions: 1
Disk ID: 0x0045DE4A
Drive has a Grub 2.0 Master Boot Record
Partition 1:
  Type: FAT32 LBA (0x0c)
  Detected File System: FAT32
  Size: 28.8 GB (30942920704 bytes)
  Start Sector: 2048, Boot: Yes
1 device found
Disk type: Removable, Disk size: 28.8 GB, Sector size: 512 bytes
Cylinders: 3762, Tracks per cylinder: 255, Sectors per track: 63
Partition type: MBR, NB Partitions: 1
Disk ID: 0x0045DE4A
Drive has a Grub 2.0 Master Boot Record
Partition 1:
  Type: FAT32 LBA (0x0c)
  Detected File System: FAT32
  Size: 28.8 GB (30942920704 bytes)
  Start Sector: 2048, Boot: Yes
